#
# There is insufficient memory for the Java Runtime Environment to continue.
# Native memory allocation (malloc) failed to allocate 32744 bytes for ChunkPool::allocate
# Possible reasons:
#   The system is out of physical RAM or swap space
#   The process is running with CompressedOops enabled, and the Java Heap may be blocking the growth of the native heap
# Possible solutions:
#   Reduce memory load on the system
#   Increase physical memory or swap space
#   Check if swap backing store is full
#   Decrease Java heap size (-Xmx/-Xms)
#   Decrease number of Java threads
#   Decrease Java thread stack sizes (-Xss)
#   Set larger code cache with -XX:ReservedCodeCacheSize=
#   JVM is running with Unscaled Compressed Oops mode in which the Java heap is
#     placed in the first 4GB address space. The Java Heap base address is the
#     maximum limit for the native heap growth. Please use -XX:HeapBaseMinAddress
#     to set the Java Heap base and to place the Java Heap above 4GB virtual address.
# This output file may be truncated or incomplete.
#
#  Out of Memory Error (allocation.cpp:272), pid=25192, tid=0x00000000000062a4
#
# JRE version: OpenJDK Runtime Environment (8.0_242-b01) (build 1.8.0_242-release-1644-b01)
# Java VM: OpenJDK 64-Bit Server VM (25.242-b01 mixed mode windows-amd64 compressed oops)
# Failed to write core dump. Minidumps are not enabled by default on client versions of Windows
#

---------------  T H R E A D  ---------------

Current thread (0x00000000171f1800):  JavaThread "C2 CompilerThread1" daemon [_thread_in_native, id=25252, stack(0x0000000018e20000,0x0000000018f20000)]

Stack: [0x0000000018e20000,0x0000000018f20000]
[error occurred during error reporting (printing stack bounds), id 0xc0000005]

Native frames: (J=compiled Java code, j=interpreted, Vv=VM code, C=native code)


Current CompileTask:
C2:  55007 5138       4       org.objectweb.asm.tree.MethodNode::accept (874 bytes)


---------------  P R O C E S S  ---------------

Java Threads: ( => current thread )
  0x000000001b9c5800 JavaThread "Java2D Disposer" daemon [_thread_blocked, id=25412, stack(0x000000001e810000,0x000000001e910000)]
  0x000000001938c000 JavaThread "SDK 28 Main Thread" [_thread_in_Java, id=18284, stack(0x000000001c300000,0x000000001c400000)]
  0x0000000019ecb000 JavaThread "pool-1-thread-1" [_thread_blocked, id=6056, stack(0x000000001c000000,0x000000001c100000)]
  0x00000000188da000 JavaThread "Service Thread" daemon [_thread_blocked, id=21024, stack(0x0000000019020000,0x0000000019120000)]
  0x000000001720e800 JavaThread "C1 CompilerThread2" daemon [_thread_blocked, id=10540, stack(0x0000000018f20000,0x0000000019020000)]
=>0x00000000171f1800 JavaThread "C2 CompilerThread1" daemon [_thread_in_native, id=25252, stack(0x0000000018e20000,0x0000000018f20000)]
  0x00000000171ed800 JavaThread "C2 CompilerThread0" daemon [_thread_blocked, id=25924, stack(0x0000000018d20000,0x0000000018e20000)]
  0x0000000018862800 JavaThread "Monitor Ctrl-Break" daemon [_thread_in_native, id=2020, stack(0x0000000018c20000,0x0000000018d20000)]
  0x00000000171c2800 JavaThread "Attach Listener" daemon [_thread_blocked, id=25388, stack(0x0000000018720000,0x0000000018820000)]
  0x00000000171be000 JavaThread "Signal Dispatcher" daemon [_thread_blocked, id=13332, stack(0x0000000018620000,0x0000000018720000)]
  0x00000000171a2800 JavaThread "Finalizer" daemon [_thread_blocked, id=18168, stack(0x0000000018420000,0x0000000018520000)]
  0x0000000017199800 JavaThread "Reference Handler" daemon [_thread_blocked, id=1096, stack(0x0000000018320000,0x0000000018420000)]
  0x0000000002c5d800 JavaThread "main" [_thread_blocked, id=8344, stack(0x0000000002b50000,0x0000000002c50000)]

Other Threads:
  0x0000000017175800 VMThread [stack: 0x0000000018220000,0x0000000018320000] [id=3144]
  0x00000000188db800 WatcherThread [stack: 0x0000000019120000,0x0000000019220000] [id=20604]

VM state:not at safepoint (normal execution)

VM Mutex/Monitor currently owned by a thread: None

heap address: 0x0000000090800000, size: 1784 MB, Compressed Oops mode: 32-bit
Narrow klass base: 0x0000000000000000, Narrow klass shift: 3
Compressed class space size: 1073741824 Address: 0x0000000100000000

Heap:
 PSYoungGen      total 302592K, used 6520K [0x00000000dad80000, 0x00000000ef480000, 0x0000000100000000)
  eden space 291328K, 2% used [0x00000000dad80000,0x00000000db3de320,0x00000000eca00000)
  from space 11264K, 0% used [0x00000000ede80000,0x00000000ede80000,0x00000000ee980000)
  to   space 9728K, 0% used [0x00000000eeb00000,0x00000000eeb00000,0x00000000ef480000)
 ParOldGen       total 137728K, used 65092K [0x0000000090800000, 0x0000000098e80000, 0x00000000dad80000)
  object space 137728K, 47% used [0x0000000090800000,0x0000000094791188,0x0000000098e80000)
 Metaspace       used 53882K, capacity 59718K, committed 60032K, reserved 1103872K
  class space    used 6163K, capacity 7992K, committed 8064K, reserved 1048576K

Card table byte_map: [0x00000000122f0000,0x0000000012670000] byte_map_base: 0x0000000011e6c000

Marking Bits: (ParMarkBitMap*) 0x0000000051f7f030
 Begin Bits: [0x0000000012cd0000, 0x00000000148b0000)
 End Bits:   [0x00000000148b0000, 0x0000000016490000)

Polling page: 0x0000000001070000

CodeCache: size=245760Kb used=15244Kb max_used=15244Kb free=230515Kb
 bounds [0x0000000002f30000, 0x0000000003e30000, 0x0000000011f30000]
 total_blobs=5617 nmethods=4432 adapters=1096
 compilation: enabled

Compilation events (10 events):
Event: 51.771 Thread 0x00000000171ed800 5144       4       sun.misc.ProxyGenerator::code_ipush (90 bytes)
Event: 51.774 Thread 0x00000000171ed800 nmethod 5144 0x000000000390ee90 code [0x000000000390f000, 0x000000000390f148]
Event: 51.786 Thread 0x000000001720e800 5146       3       java.lang.invoke.BoundMethodHandle$Species_L3::make (14 bytes)
Event: 51.787 Thread 0x000000001720e800 nmethod 5146 0x0000000003df1350 code [0x0000000003df14c0, 0x0000000003df1768]
Event: 51.789 Thread 0x000000001720e800 5147       3       java.lang.invoke.InvokerBytecodeGenerator::classFileEpilogue (17 bytes)
Event: 51.790 Thread 0x000000001720e800 nmethod 5147 0x0000000003df0810 code [0x0000000003df0980, 0x0000000003df0c78]
Event: 51.791 Thread 0x00000000171ed800 5152   !   4       java.util.AbstractList$Itr::next (45 bytes)
Event: 51.795 Thread 0x00000000171ed800 nmethod 5152 0x0000000003dea190 code [0x0000000003dea2e0, 0x0000000003dea468]
Event: 51.813 Thread 0x00000000171ed800 5159       4       java.lang.invoke.DirectMethodHandle::<init> (132 bytes)
Event: 51.816 Thread 0x00000000171ed800 nmethod 5159 0x0000000003de9610 code [0x0000000003de9760, 0x0000000003de9888]

GC Heap History (10 events):
Event: 39.347 GC heap before
{Heap before GC invocations=19 (full 2):
 PSYoungGen      total 258048K, used 194047K [0x00000000dad80000, 0x00000000eb400000, 0x0000000100000000)
  eden space 250368K, 75% used [0x00000000dad80000,0x00000000e65bfbe8,0x00000000ea200000)
  from space 7680K, 70% used [0x00000000eac80000,0x00000000eb1c0238,0x00000000eb400000)
  to   space 9216K, 0% used [0x00000000ea200000,0x00000000ea200000,0x00000000eab00000)
 ParOldGen       total 117248K, used 47239K [0x0000000090800000, 0x0000000097a80000, 0x00000000dad80000)
  object space 117248K, 40% used [0x0000000090800000,0x0000000093621fc0,0x0000000097a80000)
 Metaspace       used 41768K, capacity 46043K, committed 46080K, reserved 1089536K
  class space    used 4594K, capacity 5989K, committed 6016K, reserved 1048576K
Event: 39.380 GC heap after
Heap after GC invocations=19 (full 2):
 PSYoungGen      total 259584K, used 7482K [0x00000000dad80000, 0x00000000ef480000, 0x0000000100000000)
  eden space 250368K, 0% used [0x00000000dad80000,0x00000000dad80000,0x00000000ea200000)
  from space 9216K, 81% used [0x00000000ea200000,0x00000000ea94eb28,0x00000000eab00000)
  to   space 9728K, 0% used [0x00000000eeb00000,0x00000000eeb00000,0x00000000ef480000)
 ParOldGen       total 117248K, used 49765K [0x0000000090800000, 0x0000000097a80000, 0x00000000dad80000)
  object space 117248K, 42% used [0x0000000090800000,0x00000000938997f0,0x0000000097a80000)
 Metaspace       used 41768K, capacity 46043K, committed 46080K, reserved 1089536K
  class space    used 4594K, capacity 5989K, committed 6016K, reserved 1048576K
}
Event: 39.380 GC heap before
{Heap before GC invocations=20 (full 3):
 PSYoungGen      total 259584K, used 7482K [0x00000000dad80000, 0x00000000ef480000, 0x0000000100000000)
  eden space 250368K, 0% used [0x00000000dad80000,0x00000000dad80000,0x00000000ea200000)
  from space 9216K, 81% used [0x00000000ea200000,0x00000000ea94eb28,0x00000000eab00000)
  to   space 9728K, 0% used [0x00000000eeb00000,0x00000000eeb00000,0x00000000ef480000)
 ParOldGen       total 117248K, used 49765K [0x0000000090800000, 0x0000000097a80000, 0x00000000dad80000)
  object space 117248K, 42% used [0x0000000090800000,0x00000000938997f0,0x0000000097a80000)
 Metaspace       used 41768K, capacity 46043K, committed 46080K, reserved 1089536K
  class space    used 4594K, capacity 5989K, committed 6016K, reserved 1048576K
Event: 40.268 GC heap after
Heap after GC invocations=20 (full 3):
 PSYoungGen      total 259584K, used 0K [0x00000000dad80000, 0x00000000ef480000, 0x0000000100000000)
  eden space 250368K, 0% used [0x00000000dad80000,0x00000000dad80000,0x00000000ea200000)
  from space 9216K, 0% used [0x00000000ea200000,0x00000000ea200000,0x00000000eab00000)
  to   space 9728K, 0% used [0x00000000eeb00000,0x00000000eeb00000,0x00000000ef480000)
 ParOldGen       total 137728K, used 55042K [0x0000000090800000, 0x0000000098e80000, 0x00000000dad80000)
  object space 137728K, 39% used [0x0000000090800000,0x0000000093dc08f8,0x0000000098e80000)
 Metaspace       used 41768K, capacity 46043K, committed 46080K, reserved 1089536K
  class space    used 4594K, capacity 5989K, committed 6016K, reserved 1048576K
}
Event: 46.885 GC heap before
{Heap before GC invocations=21 (full 3):
 PSYoungGen      total 259584K, used 250368K [0x00000000dad80000, 0x00000000ef480000, 0x0000000100000000)
  eden space 250368K, 100% used [0x00000000dad80000,0x00000000ea200000,0x00000000ea200000)
  from space 9216K, 0% used [0x00000000ea200000,0x00000000ea200000,0x00000000eab00000)
  to   space 9728K, 0% used [0x00000000eeb00000,0x00000000eeb00000,0x00000000ef480000)
 ParOldGen       total 137728K, used 55042K [0x0000000090800000, 0x0000000098e80000, 0x00000000dad80000)
  object space 137728K, 39% used [0x0000000090800000,0x0000000093dc08f8,0x0000000098e80000)
 Metaspace       used 48191K, capacity 53672K, committed 53760K, reserved 1095680K
  class space    used 5660K, capacity 7361K, committed 7424K, reserved 1048576K
Event: 47.010 GC heap after
Heap after GC invocations=21 (full 3):
 PSYoungGen      total 301056K, used 9570K [0x00000000dad80000, 0x00000000ef480000, 0x0000000100000000)
  eden space 291328K, 0% used [0x00000000dad80000,0x00000000dad80000,0x00000000eca00000)
  from space 9728K, 98% used [0x00000000eeb00000,0x00000000ef458988,0x00000000ef480000)
  to   space 11264K, 0% used [0x00000000ede80000,0x00000000ede80000,0x00000000ee980000)
 ParOldGen       total 137728K, used 55050K [0x0000000090800000, 0x0000000098e80000, 0x00000000dad80000)
  object space 137728K, 39% used [0x0000000090800000,0x0000000093dc28f8,0x0000000098e80000)
 Metaspace       used 48191K, capacity 53672K, committed 53760K, reserved 1095680K
  class space    used 5660K, capacity 7361K, committed 7424K, reserved 1048576K
}
Event: 51.831 GC heap before
{Heap before GC invocations=22 (full 3):
 PSYoungGen      total 301056K, used 246914K [0x00000000dad80000, 0x00000000ef480000, 0x0000000100000000)
  eden space 291328K, 81% used [0x00000000dad80000,0x00000000e9547e80,0x00000000eca00000)
  from space 9728K, 98% used [0x00000000eeb00000,0x00000000ef458988,0x00000000ef480000)
  to   space 11264K, 0% used [0x00000000ede80000,0x00000000ede80000,0x00000000ee980000)
 ParOldGen       total 137728K, used 55050K [0x0000000090800000, 0x0000000098e80000, 0x00000000dad80000)
  object space 137728K, 39% used [0x0000000090800000,0x0000000093dc28f8,0x0000000098e80000)
 Metaspace       used 53826K, capacity 59654K, committed 59776K, reserved 1107968K
  class space    used 6156K, capacity 7992K, committed 8064K, reserved 1048576K
Event: 52.243 GC heap after
Heap after GC invocations=22 (full 3):
 PSYoungGen      total 302592K, used 11251K [0x00000000dad80000, 0x00000000ef480000, 0x0000000100000000)
  eden space 291328K, 0% used [0x00000000dad80000,0x00000000dad80000,0x00000000eca00000)
  from space 11264K, 99% used [0x00000000ede80000,0x00000000ee97ccc8,0x00000000ee980000)
  to   space 9728K, 0% used [0x00000000eeb00000,0x00000000eeb00000,0x00000000ef480000)
 ParOldGen       total 137728K, used 56263K [0x0000000090800000, 0x0000000098e80000, 0x00000000dad80000)
  object space 137728K, 40% used [0x0000000090800000,0x0000000093ef1d98,0x0000000098e80000)
 Metaspace       used 53826K, capacity 59654K, committed 59776K, reserved 1107968K
  class space    used 6156K, capacity 7992K, committed 8064K, reserved 1048576K
}
Event: 52.243 GC heap before
{Heap before GC invocations=23 (full 4):
 PSYoungGen      total 302592K, used 11251K [0x00000000dad80000, 0x00000000ef480000, 0x0000000100000000)
  eden space 291328K, 0% used [0x00000000dad80000,0x00000000dad80000,0x00000000eca00000)
  from space 11264K, 99% used [0x00000000ede80000,0x00000000ee97ccc8,0x00000000ee980000)
  to   space 9728K, 0% used [0x00000000eeb00000,0x00000000eeb00000,0x00000000ef480000)
 ParOldGen       total 137728K, used 56263K [0x0000000090800000, 0x0000000098e80000, 0x00000000dad80000)
  object space 137728K, 40% used [0x0000000090800000,0x0000000093ef1d98,0x0000000098e80000)
 Metaspace       used 53826K, capacity 59654K, committed 59776K, reserved 1107968K
  class space    used 6156K, capacity 7992K, committed 8064K, reserved 1048576K
Event: 54.935 GC heap after
Heap after GC invocations=23 (full 4):
 PSYoungGen      total 302592K, used 0K [0x00000000dad80000, 0x00000000ef480000, 0x0000000100000000)
  eden space 291328K, 0% used [0x00000000dad80000,0x00000000dad80000,0x00000000eca00000)
  from space 11264K, 0% used [0x00000000ede80000,0x00000000ede80000,0x00000000ee980000)
  to   space 9728K, 0% used [0x00000000eeb00000,0x00000000eeb00000,0x00000000ef480000)
 ParOldGen       total 137728K, used 65092K [0x0000000090800000, 0x0000000098e80000, 0x00000000dad80000)
  object space 137728K, 47% used [0x0000000090800000,0x0000000094791188,0x0000000098e80000)
 Metaspace       used 53826K, capacity 59654K, committed 59776K, reserved 1103872K
  class space    used 6156K, capacity 7992K, committed 8064K, reserved 1048576K
}

Deoptimization events (10 events):
Event: 50.063 Thread 0x000000001938c000 Uncommon trap: reason=bimorphic action=maybe_recompile pc=0x000000000392637c method=java.util.AbstractList$Itr.next()Ljava/lang/Object; @ 14
Event: 50.063 Thread 0x000000001938c000 Uncommon trap: reason=bimorphic action=maybe_recompile pc=0x000000000392637c method=java.util.AbstractList$Itr.next()Ljava/lang/Object; @ 14
Event: 50.067 Thread 0x000000001938c000 Uncommon trap: reason=unstable_if action=reinterpret pc=0x000000000354ac98 method=org.objectweb.asm.ClassReader.readCode(Lorg/objectweb/asm/MethodVisitor;Lorg/objectweb/asm/Context;I)V @ 1778
Event: 50.068 Thread 0x000000001938c000 Uncommon trap: reason=unstable_if action=reinterpret pc=0x0000000003ba229c method=org.objectweb.asm.ClassReader.readElementValues(Lorg/objectweb/asm/AnnotationVisitor;IZ[C)I @ 78
Event: 50.069 Thread 0x000000001938c000 Uncommon trap: reason=unstable_if action=reinterpret pc=0x0000000003b7bb04 method=org.objectweb.asm.tree.MethodNode.accept(Lorg/objectweb/asm/MethodVisitor;)V @ 760
Event: 50.572 Thread 0x000000001938c000 Uncommon trap: reason=unstable_if action=reinterpret pc=0x00000000038661e8 method=java.util.regex.Pattern.atom()Ljava/util/regex/Pattern$Node; @ 255
Event: 50.572 Thread 0x000000001938c000 Uncommon trap: reason=bimorphic action=maybe_recompile pc=0x0000000003240e20 method=java.util.regex.Pattern$Curly.study(Ljava/util/regex/Pattern$TreeInfo;)Z @ 31
Event: 50.572 Thread 0x000000001938c000 Uncommon trap: reason=bimorphic action=maybe_recompile pc=0x0000000003240e20 method=java.util.regex.Pattern$Curly.study(Ljava/util/regex/Pattern$TreeInfo;)Z @ 31
Event: 51.470 Thread 0x000000001938c000 Uncommon trap: reason=unstable_if action=reinterpret pc=0x0000000003745af8 method=org.objectweb.asm.SymbolTable.addConstantUtf8Reference(ILjava/lang/String;)Lorg/objectweb/asm/Symbol; @ 45
Event: 51.470 Thread 0x000000001938c000 Uncommon trap: reason=unstable_if action=reinterpret pc=0x000000000373bad0 method=org.objectweb.asm.ByteVector.putUTF8(Ljava/lang/String;)Lorg/objectweb/asm/ByteVector; @ 93

Classes redefined (0 events):
No events

Internal exceptions (10 events):
Event: 27.060 Thread 0x000000001938c000 Exception <a 'java/security/PrivilegedActionException'> (0x00000000dd0b2d48) thrown at [C:\src\AOSP-openjdk-git\hotspot\src\share\vm\prims\jvm.cpp, line 1502]
Event: 27.060 Thread 0x000000001938c000 Exception <a 'java/security/PrivilegedActionException'> (0x00000000dd0b3140) thrown at [C:\src\AOSP-openjdk-git\hotspot\src\share\vm\prims\jvm.cpp, line 1502]
Event: 31.670 Thread 0x000000001938c000 Implicit null exception at 0x0000000003441414 to 0x0000000003440ff8
Event: 32.568 Thread 0x000000001938c000 Exception <a 'sun/nio/fs/WindowsException'> (0x00000000db958290) thrown at [C:\src\AOSP-openjdk-git\hotspot\src\share\vm\prims\jni.cpp, line 710]
Event: 34.803 Thread 0x000000001938c000 Exception <a 'java/lang/NoSuchFieldError': method resolution failed> (0x00000000e36bcc98) thrown at [C:\src\AOSP-openjdk-git\hotspot\src\share\vm\prims\methodHandles.cpp, line 1167]
Event: 41.214 Thread 0x000000001938c000 Exception <a 'java/lang/NoSuchFieldError': method resolution failed> (0x00000000de363bd0) thrown at [C:\src\AOSP-openjdk-git\hotspot\src\share\vm\prims\methodHandles.cpp, line 1167]
Event: 46.189 Thread 0x000000001938c000 Exception <a 'java/io/FileNotFoundException'> (0x00000000e99a7010) thrown at [C:\src\AOSP-openjdk-git\hotspot\src\share\vm\prims\jni.cpp, line 710]
Event: 46.517 Thread 0x000000001938c000 Implicit null exception at 0x00000000031f5695 to 0x00000000031f586d
Event: 47.029 Thread 0x000000001938c000 Implicit null exception at 0x00000000037dad4f to 0x00000000037dc671
Event: 50.068 Thread 0x000000001938c000 Implicit null exception at 0x0000000003ba1aaf to 0x0000000003ba2289

Events (10 events):
Event: 54.967 loading class android/media/IPlaybackConfigDispatcher
Event: 54.967 loading class android/media/IPlaybackConfigDispatcher done
Event: 54.968 loading class android/media/audiopolicy/AudioPolicyConfig
Event: 54.968 loading class android/media/audiopolicy/AudioPolicyConfig done
Event: 54.980 loading class android/media/IRecordingConfigDispatcher
Event: 54.980 loading class android/media/IRecordingConfigDispatcher done
Event: 54.981 loading class android/media/IVolumeController
Event: 54.981 loading class android/media/IVolumeController done
Event: 54.983 loading class android/media/PlayerBase$PlayerIdCard
Event: 54.983 loading class android/media/PlayerBase$PlayerIdCard done


Dynamic libraries:
0x00007ff73e3f0000 - 0x00007ff73e421000 	C:\Program Files\Android\Android Studio\jre\bin\java.exe
0x00007ffe9be00000 - 0x00007ffe9bfed000 	C:\WINDOWS\SYSTEM32\ntdll.dll
0x00007ffe6b620000 - 0x00007ffe6b632000 	C:\Program Files\AVAST Software\Avast\aswhook.dll
0x00007ffe9bab0000 - 0x00007ffe9bb63000 	C:\WINDOWS\System32\KERNEL32.DLL
0x00007ffe98a40000 - 0x00007ffe98cd3000 	C:\WINDOWS\System32\KERNELBASE.dll
0x00007ffe99560000 - 0x00007ffe99603000 	C:\WINDOWS\System32\ADVAPI32.dll
0x00007ffe9b6b0000 - 0x00007ffe9b74e000 	C:\WINDOWS\System32\msvcrt.dll
0x00007ffe9ac90000 - 0x00007ffe9ad2e000 	C:\WINDOWS\System32\sechost.dll
0x00007ffe9ad30000 - 0x00007ffe9ae53000 	C:\WINDOWS\System32\RPCRT4.dll
0x00007ffe9b840000 - 0x00007ffe9b9d7000 	C:\WINDOWS\System32\USER32.dll
0x00007ffe99010000 - 0x00007ffe99030000 	C:\WINDOWS\System32\win32u.dll
0x00007ffe99360000 - 0x00007ffe99389000 	C:\WINDOWS\System32\GDI32.dll
0x00007ffe98880000 - 0x00007ffe98a1a000 	C:\WINDOWS\System32\gdi32full.dll
0x00007ffe98d90000 - 0x00007ffe98e30000 	C:\WINDOWS\System32\msvcp_win.dll
0x00007ffe98e30000 - 0x00007ffe98f2c000 	C:\WINDOWS\System32\ucrtbase.dll
0x00007ffe6e560000 - 0x00007ffe6e7d9000 	C:\WINDOWS\WinSxS\amd64_microsoft.windows.common-controls_6595b64144ccf1df_6.0.17758.1_none_f04561a4ff3c0a8f\COMCTL32.dll
0x00007ffe99030000 - 0x00007ffe9935e000 	C:\WINDOWS\System32\combase.dll
0x00007ffe98f90000 - 0x00007ffe9900e000 	C:\WINDOWS\System32\bcryptPrimitives.dll
0x00007ffe9b750000 - 0x00007ffe9b77e000 	C:\WINDOWS\System32\IMM32.DLL
0x00000000527e0000 - 0x00000000528b2000 	C:\Program Files\Android\Android Studio\jre\jre\bin\msvcr100.dll
0x00000000517b0000 - 0x0000000051ffb000 	C:\Program Files\Android\Android Studio\jre\jre\bin\server\jvm.dll
0x00007ffe9ac00000 - 0x00007ffe9ac08000 	C:\WINDOWS\System32\PSAPI.DLL
0x00007ffe8c5a0000 - 0x00007ffe8c5a9000 	C:\WINDOWS\SYSTEM32\WSOCK32.dll
0x00007ffe9ac20000 - 0x00007ffe9ac8d000 	C:\WINDOWS\System32\WS2_32.dll
0x00007ffe8d4c0000 - 0x00007ffe8d4e4000 	C:\WINDOWS\SYSTEM32\WINMM.dll
0x00007ffe8f250000 - 0x00007ffe8f25a000 	C:\WINDOWS\SYSTEM32\VERSION.dll
0x00007ffe8d490000 - 0x00007ffe8d4bd000 	C:\WINDOWS\SYSTEM32\WINMMBASE.dll
0x00007ffe98620000 - 0x00007ffe9866a000 	C:\WINDOWS\System32\cfgmgr32.dll
0x00007ffe94c90000 - 0x00007ffe94c9f000 	C:\Program Files\Android\Android Studio\jre\jre\bin\verify.dll
0x00007ffe93c40000 - 0x00007ffe93c69000 	C:\Program Files\Android\Android Studio\jre\jre\bin\java.dll
0x00007ffe8d840000 - 0x00007ffe8d863000 	C:\Program Files\Android\Android Studio\jre\jre\bin\instrument.dll
0x00007ffe923d0000 - 0x00007ffe923e6000 	C:\Program Files\Android\Android Studio\jre\jre\bin\zip.dll
0x00007ffe99610000 - 0x00007ffe9aaff000 	C:\WINDOWS\System32\SHELL32.dll
0x00007ffe9bd20000 - 0x00007ffe9bdc8000 	C:\WINDOWS\System32\shcore.dll
0x00007ffe97ed0000 - 0x00007ffe98618000 	C:\WINDOWS\System32\windows.storage.dll
0x00007ffe97e80000 - 0x00007ffe97ea4000 	C:\WINDOWS\System32\profapi.dll
0x00007ffe97e00000 - 0x00007ffe97e5d000 	C:\WINDOWS\System32\powrprof.dll
0x00007ffe9b7e0000 - 0x00007ffe9b832000 	C:\WINDOWS\System32\shlwapi.dll
0x00007ffe97eb0000 - 0x00007ffe97ec1000 	C:\WINDOWS\System32\kernel.appcore.dll
0x00007ffe98a20000 - 0x00007ffe98a37000 	C:\WINDOWS\System32\cryptsp.dll
0x00007ffe8e5e0000 - 0x00007ffe8e5fa000 	C:\Program Files\Android\Android Studio\bin\breakgen64.dll
0x00007ffe923b0000 - 0x00007ffe923ca000 	C:\Program Files\Android\Android Studio\jre\jre\bin\net.dll
0x00007ffe97630000 - 0x00007ffe97697000 	C:\WINDOWS\system32\mswsock.dll
0x00007ffe92390000 - 0x00007ffe923a3000 	C:\Program Files\Android\Android Studio\jre\jre\bin\nio.dll
0x00007ffe971f0000 - 0x00007ffe97223000 	C:\WINDOWS\system32\rsaenh.dll
0x00007ffe98850000 - 0x00007ffe98876000 	C:\WINDOWS\System32\bcrypt.dll
0x00007ffe97d30000 - 0x00007ffe97d58000 	C:\WINDOWS\SYSTEM32\USERENV.dll
0x00007ffe97800000 - 0x00007ffe9780c000 	C:\WINDOWS\SYSTEM32\CRYPTBASE.dll
0x00007ffe97390000 - 0x00007ffe973cd000 	C:\WINDOWS\SYSTEM32\IPHLPAPI.DLL
0x00007ffe9ac10000 - 0x00007ffe9ac18000 	C:\WINDOWS\System32\NSI.dll
0x00007ffe900b0000 - 0x00007ffe900c6000 	C:\WINDOWS\SYSTEM32\dhcpcsvc6.DLL
0x00007ffe90160000 - 0x00007ffe9017c000 	C:\WINDOWS\SYSTEM32\dhcpcsvc.DLL
0x00007ffe973d0000 - 0x00007ffe97496000 	C:\WINDOWS\SYSTEM32\DNSAPI.dll
0x00007ffe8e910000 - 0x00007ffe8e934000 	C:\Program Files\Android\Android Studio\jre\jre\bin\sunec.dll
0x00007ffe92640000 - 0x00007ffe9264b000 	C:\Program Files\Android\Android Studio\jre\jre\bin\sunmscapi.dll
0x00007ffe98670000 - 0x00007ffe9884b000 	C:\WINDOWS\System32\CRYPT32.dll
0x00007ffe97e60000 - 0x00007ffe97e72000 	C:\WINDOWS\System32\MSASN1.dll
0x00007ffe56ed0000 - 0x00007ffe5706c000 	C:\Program Files\Android\Android Studio\jre\jre\bin\awt.dll
0x00007ffe9b9e0000 - 0x00007ffe9baab000 	C:\WINDOWS\System32\OLEAUT32.dll
0x00007ffe96500000 - 0x00007ffe9652e000 	C:\WINDOWS\SYSTEM32\dwmapi.dll
0x00007ffe953c0000 - 0x00007ffe9597e000 	C:\WINDOWS\SYSTEM32\d2d1.dll
0x00007ffe96110000 - 0x00007ffe9619c000 	C:\WINDOWS\SYSTEM32\apphelp.dll

VM Arguments:
jvm_args: -ea -Didea.test.cyclic.buffer.size=1048576 -javaagent:C:\Program Files\Android\Android Studio\lib\idea_rt.jar=7558:C:\Program Files\Android\Android Studio\bin -Dfile.encoding=UTF-8 
java_command: com.intellij.rt.junit.JUnitStarter -ideVersion5 org.aplas.basicapp.TestA1BasicUIKT011
java_class_path (initial): C:\Program Files\Android\Android Studio\lib\idea_rt.jar;C:\Program Files\Android\Android Studio\plugins\junit\lib\junit5-rt.jar;C:\Program Files\Android\Android Studio\plugins\junit\lib\junit-rt.jar;C:\Users\WINDOWS 10\AppData\Local\Android\Sdk\platforms\android-28\data\res;D:\PROJECT\Aplas\BasicApp\app\build\intermediates\javac\debugUnitTest\classes;D:\PROJECT\Aplas\BasicApp\app\build\intermediates\javac\debug\classes;D:\PROJECT\Aplas\BasicApp\app\build\intermediates\compile_and_runtime_not_namespaced_r_class_jar\debug\R.jar;D:\PROJECT\Aplas\BasicApp\app\build\tmp\kotlin-classes\debugUnitTest;D:\PROJECT\Aplas\BasicApp\app\build\intermediates\unit_test_config_directory\debugUnitTest\out;D:\PROJECT\Aplas\BasicApp\app\build\tmp\kotlin-classes\debug;D:\PROJECT\Aplas\BasicApp\app\build\generated\res\resValues\debug;C:\Users\WINDOWS 10\.gradle\caches\modules-2\files-2.1\org.jetbrains.kotlin\kotlin-android-extensions-runtime\1.4.20\8f6239ddd98bf9937a81d8a932a185dab930e82a\kotlin-android-extensions-runtime-1.4.20.jar;C:\Users\WINDOWS 10\.gradle\caches\modules-2\files-2.1\org.jetbrains.kotlin\kotlin-stdlib-jdk7\1.4.20\9de2c79e95d4b4699a455e88ba285a95352e0bea\kotlin-stdlib-jdk7-1.4.20.jar;C:\Users\WINDOWS 10\.gradle\caches\modules-2\files-2.1\org.jetbrains.kotlin\kotlin-stdlib\1.4.20\9be77b243a362b745e365f286627b8724337009c\kotlin-stdlib-1.4.20.jar;C:\Users\WINDOWS 10\.gradle\caches\modules-2\files-2.1\org.jetbrains.kotlin\kotlin-stdlib-common\1.4.20\c6761d7805b5312302f2bbd78cda68c976ce0c70\kotlin-stdlib-common-1.4.20.jar;C:\Users\WINDOWS 10\.gradle\caches\modules-2\files-2.1\org.jetbrains\annotations\13.0\919f0dfe192fb4e063e7dacadee7f8bb9a2672a9\annotations-13.0.jar;C:\Users\WINDOWS 10\.gradle\caches\modules-2\files-2.1\androidx.collection\collection\1.1.0\1f27220b47669781457de0d600849a5de0e89909\collection-1.1.0.jar;C:\Users\WINDOWS 10\.gradle\caches\modules-2\files-2.1\androidx.lifecycle\lifecycle-common\2.1.0\c67e7807d9cd6c329b9d0218b2ec4e505
Launcher Type: SUN_STANDARD

Environment Variables:
JAVA_HOME=C:\Program Files\Java\jdk-13.0.2
PATH=C:\ProgramData\Oracle\Java\javapath;C:\Program Files (x86)\NVIDIA Corporation\PhysX\Common;C:\WINDOWS\system32;C:\WINDOWS;C:\WINDOWS\System32\Wbem;C:\WINDOWS\System32\WindowsPowerShell\v1.0\;C:\WINDOWS\System32\OpenSSH\;C:\Program Files (x86)\Windows Live\Shared;%JAVA_HOME%\bin;C:\Program Files\Gradle\gradle-6.2.2\bin;C:\Program Files\Git\cmd;C:\Program Files\Microsoft SQL Server\130\Tools\Binn\;C:\Program Files\Microsoft SQL Server\Client SDK\ODBC\130\Tools\Binn\;C:\Program Files (x86)\Microsoft SQL Server\140\Tools\Binn\;C:\Program Files\Microsoft SQL Server\140\Tools\Binn\;C:\Program Files\Microsoft SQL Server\140\DTS\Binn\;C:\Program Files\dotnet\;C:\Program Files\Microsoft SQL Server\Client SDK\ODBC\170\Tools\Binn\;D:\Installan\jdk\bin;C:\Program Files\Java\jdk-13.0.2\bin;C:\Users\WINDOWS 10\.windows-build-tools\python27\;C:\Users\WINDOWS 10\AppData\Local\Microsoft\WindowsApps;D:\Installan\Microsoft VS Code\bin;C:\Users\WINDOWS 10\.dotnet\tools
USERNAME=WINDOWS 10
OS=Windows_NT
PROCESSOR_IDENTIFIER=AMD64 Family 22 Model 48 Stepping 1, AuthenticAMD



---------------  S Y S T E M  ---------------

OS: Windows 10.0 , 64 bit Build 17758 (10.0.17758.1)

CPU:total 4 (initial active 4) (4 cores per cpu, 1 threads per core) family 22 model 48 stepping 1, cmov, cx8, fxsr, mmx, sse, sse2, sse3, ssse3, sse4.1, sse4.2, popcnt, avx, aes, clmul, mmxext, 3dnowpref, lzcnt, sse4a, tsc, tscinvbit, tscinv, bmi1

Memory: 4k page, physical 7299340k(261224k free), swap 21868676k(64k free)

vm_info: OpenJDK 64-Bit Server VM (25.242-b01) for windows-amd64 JRE (1.8.0_242-release-1644-b01), built by "builder" with MS VC++ 10.0 (VS2010)

time: Wed Jan 06 12:40:10 2021
timezone: SE Asia Standard Time
elapsed time: 55 seconds (0d 0h 0m 55s)

